2019-05-16 08:33:59,728 DEBUG    root            Loaded Command Group: [u'gcloud', u'config']
2019-05-16 08:33:59,729 DEBUG    root            Loaded Command Group: [u'gcloud', u'config', u'config_helper']
2019-05-16 08:33:59,732 DEBUG    root            Running [gcloud.config.config-helper] with arguments: [--format: "json"]
2019-05-16 08:33:59,742 INFO     root            Display format: "default json"
2019-05-16 08:33:59,742 INFO     ___FILE_ONLY___ {
  "configuration": {
    "active_configuration": "default",
    "properties": {
      "core": {
        "account": "ksnnarsy@gmail.com",
        "disable_usage_reporting": "True",
        "project": "monitoring-application-235120"
      }
    }
  },
  "credential": {
    "access_token": "ya29.GlwLB2v5FUXHJI1SM_cnouGfV_ZrfD3N792LaO0kWOnL7FXahvRbpiA_fcWbVx4MTuhi-dbl6aY39V6VopfNciODFImWUaWkaFBS4EupVIFKiSuZZf0R6ZdgSJ8oHA",
    "token_expiry": "2019-05-16T09:33:57Z"
  },
  "sentinels": {
    "config_sentinel": "/home/ksnnarsy/.config/gcloud/config_sentinel"
  }
}
2019-05-16 08:33:59,742 INFO     ___FILE_ONLY___ 

2019-05-16 08:33:59,748 DEBUG    root            SDK update checks are disabled.
