2019-05-15 11:05:58,565 DEBUG    root            Loaded Command Group: [u'gcloud', u'compute', u'instances']
2019-05-15 11:05:58,575 DEBUG    root            Loaded Command Group: [u'gcloud', u'compute', u'instances', u'list']
2019-05-15 11:05:58,578 DEBUG    root            Running [gcloud.compute.instances.list] with arguments: []
2019-05-15 11:05:58,868 INFO     root            Display format: "    table(
      name,
      zone.basename(),
      machineType.machine_type().basename(),
      scheduling.preemptible.yesno(yes=true, no=''),
      networkInterfaces[].networkIP.notnull().list():label=INTERNAL_IP,
      networkInterfaces[].accessConfigs[0].natIP.notnull().list()      :label=EXTERNAL_IP,
      status
    )"
2019-05-15 11:05:59,413 INFO     root            cache collection=compute.instances api_version=v1 params=[u'project', u'zone', u'instance']
2019-05-15 11:05:59,417 INFO     ___FILE_ONLY___ NAME
2019-05-15 11:05:59,417 INFO     ___FILE_ONLY___                         
2019-05-15 11:05:59,417 INFO     ___FILE_ONLY___ ZONE
2019-05-15 11:05:59,417 INFO     ___FILE_ONLY___            
2019-05-15 11:05:59,417 INFO     ___FILE_ONLY___ MACHINE_TYPE
2019-05-15 11:05:59,418 INFO     ___FILE_ONLY___                
2019-05-15 11:05:59,418 INFO     ___FILE_ONLY___ PREEMPTIBLE
2019-05-15 11:05:59,418 INFO     ___FILE_ONLY___   
2019-05-15 11:05:59,418 INFO     ___FILE_ONLY___ INTERNAL_IP
2019-05-15 11:05:59,418 INFO     ___FILE_ONLY___   
2019-05-15 11:05:59,418 INFO     ___FILE_ONLY___ EXTERNAL_IP
2019-05-15 11:05:59,418 INFO     ___FILE_ONLY___      
2019-05-15 11:05:59,418 INFO     ___FILE_ONLY___ STATUS
2019-05-15 11:05:59,418 INFO     ___FILE_ONLY___ 

2019-05-15 11:05:59,418 INFO     ___FILE_ONLY___ application-server-machine
2019-05-15 11:05:59,418 INFO     ___FILE_ONLY___   
2019-05-15 11:05:59,418 INFO     ___FILE_ONLY___ asia-south1-c
2019-05-15 11:05:59,418 INFO     ___FILE_ONLY___   
2019-05-15 11:05:59,418 INFO     ___FILE_ONLY___ n1-standard-1
2019-05-15 11:05:59,418 INFO     ___FILE_ONLY___                            
2019-05-15 11:05:59,419 INFO     ___FILE_ONLY___ 10.160.0.4
2019-05-15 11:05:59,419 INFO     ___FILE_ONLY___                    
2019-05-15 11:05:59,419 INFO     ___FILE_ONLY___ TERMINATED
2019-05-15 11:05:59,419 INFO     ___FILE_ONLY___ 

2019-05-15 11:05:59,419 INFO     ___FILE_ONLY___ bootcampdocker
2019-05-15 11:05:59,419 INFO     ___FILE_ONLY___               
2019-05-15 11:05:59,419 INFO     ___FILE_ONLY___ asia-south1-c
2019-05-15 11:05:59,419 INFO     ___FILE_ONLY___   
2019-05-15 11:05:59,419 INFO     ___FILE_ONLY___ n1-standard-1
2019-05-15 11:05:59,419 INFO     ___FILE_ONLY___                            
2019-05-15 11:05:59,419 INFO     ___FILE_ONLY___ 10.160.0.9
2019-05-15 11:05:59,419 INFO     ___FILE_ONLY___    
2019-05-15 11:05:59,419 INFO     ___FILE_ONLY___ 35.200.129.246
2019-05-15 11:05:59,419 INFO     ___FILE_ONLY___   
2019-05-15 11:05:59,420 INFO     ___FILE_ONLY___ RUNNING
2019-05-15 11:05:59,420 INFO     ___FILE_ONLY___ 

2019-05-15 11:05:59,420 INFO     ___FILE_ONLY___ bootcampjenkins
2019-05-15 11:05:59,420 INFO     ___FILE_ONLY___              
2019-05-15 11:05:59,420 INFO     ___FILE_ONLY___ asia-south1-c
2019-05-15 11:05:59,420 INFO     ___FILE_ONLY___   
2019-05-15 11:05:59,420 INFO     ___FILE_ONLY___ custom (2 vCPU, 4.00 GiB)
2019-05-15 11:05:59,420 INFO     ___FILE_ONLY___                
2019-05-15 11:05:59,420 INFO     ___FILE_ONLY___ 10.160.0.5
2019-05-15 11:05:59,420 INFO     ___FILE_ONLY___    
2019-05-15 11:05:59,420 INFO     ___FILE_ONLY___ 35.200.133.59
2019-05-15 11:05:59,420 INFO     ___FILE_ONLY___    
2019-05-15 11:05:59,420 INFO     ___FILE_ONLY___ RUNNING
2019-05-15 11:05:59,420 INFO     ___FILE_ONLY___ 

2019-05-15 11:05:59,420 INFO     ___FILE_ONLY___ dockermaster
2019-05-15 11:05:59,421 INFO     ___FILE_ONLY___                 
2019-05-15 11:05:59,421 INFO     ___FILE_ONLY___ asia-south1-c
2019-05-15 11:05:59,421 INFO     ___FILE_ONLY___   
2019-05-15 11:05:59,421 INFO     ___FILE_ONLY___ n1-standard-1
2019-05-15 11:05:59,421 INFO     ___FILE_ONLY___                            
2019-05-15 11:05:59,421 INFO     ___FILE_ONLY___ 10.160.0.10
2019-05-15 11:05:59,421 INFO     ___FILE_ONLY___   
2019-05-15 11:05:59,421 INFO     ___FILE_ONLY___ 35.200.128.150
2019-05-15 11:05:59,421 INFO     ___FILE_ONLY___   
2019-05-15 11:05:59,421 INFO     ___FILE_ONLY___ RUNNING
2019-05-15 11:05:59,421 INFO     ___FILE_ONLY___ 

2019-05-15 11:05:59,421 INFO     ___FILE_ONLY___ jenkinsslave1
2019-05-15 11:05:59,421 INFO     ___FILE_ONLY___                
2019-05-15 11:05:59,421 INFO     ___FILE_ONLY___ asia-south1-c
2019-05-15 11:05:59,421 INFO     ___FILE_ONLY___   
2019-05-15 11:05:59,422 INFO     ___FILE_ONLY___ custom (1 vCPU, 2.00 GiB)
2019-05-15 11:05:59,422 INFO     ___FILE_ONLY___                
2019-05-15 11:05:59,422 INFO     ___FILE_ONLY___ 10.160.0.6
2019-05-15 11:05:59,422 INFO     ___FILE_ONLY___    
2019-05-15 11:05:59,422 INFO     ___FILE_ONLY___ 35.244.25.145
2019-05-15 11:05:59,422 INFO     ___FILE_ONLY___    
2019-05-15 11:05:59,422 INFO     ___FILE_ONLY___ RUNNING
2019-05-15 11:05:59,422 INFO     ___FILE_ONLY___ 

2019-05-15 11:05:59,422 INFO     ___FILE_ONLY___ jenkinsslave2
2019-05-15 11:05:59,422 INFO     ___FILE_ONLY___                
2019-05-15 11:05:59,422 INFO     ___FILE_ONLY___ asia-south1-c
2019-05-15 11:05:59,422 INFO     ___FILE_ONLY___   
2019-05-15 11:05:59,422 INFO     ___FILE_ONLY___ custom (1 vCPU, 2.00 GiB)
2019-05-15 11:05:59,422 INFO     ___FILE_ONLY___                
2019-05-15 11:05:59,422 INFO     ___FILE_ONLY___ 10.160.0.7
2019-05-15 11:05:59,423 INFO     ___FILE_ONLY___    
2019-05-15 11:05:59,423 INFO     ___FILE_ONLY___ 35.244.9.63
2019-05-15 11:05:59,423 INFO     ___FILE_ONLY___      
2019-05-15 11:05:59,423 INFO     ___FILE_ONLY___ RUNNING
2019-05-15 11:05:59,423 INFO     ___FILE_ONLY___ 

2019-05-15 11:05:59,423 INFO     ___FILE_ONLY___ bootcampjenkins1
2019-05-15 11:05:59,423 INFO     ___FILE_ONLY___             
2019-05-15 11:05:59,423 INFO     ___FILE_ONLY___ us-east1-b
2019-05-15 11:05:59,423 INFO     ___FILE_ONLY___      
2019-05-15 11:05:59,423 INFO     ___FILE_ONLY___ custom (2 vCPU, 4.00 GiB)
2019-05-15 11:05:59,423 INFO     ___FILE_ONLY___                
2019-05-15 11:05:59,423 INFO     ___FILE_ONLY___ 10.142.0.9
2019-05-15 11:05:59,423 INFO     ___FILE_ONLY___    
2019-05-15 11:05:59,423 INFO     ___FILE_ONLY___ 35.237.185.165
2019-05-15 11:05:59,423 INFO     ___FILE_ONLY___   
2019-05-15 11:05:59,424 INFO     ___FILE_ONLY___ RUNNING
2019-05-15 11:05:59,424 INFO     ___FILE_ONLY___ 

2019-05-15 11:05:59,424 INFO     ___FILE_ONLY___ git-practice1
2019-05-15 11:05:59,424 INFO     ___FILE_ONLY___                
2019-05-15 11:05:59,424 INFO     ___FILE_ONLY___ us-east1-b
2019-05-15 11:05:59,424 INFO     ___FILE_ONLY___      
2019-05-15 11:05:59,424 INFO     ___FILE_ONLY___ n1-standard-1
2019-05-15 11:05:59,424 INFO     ___FILE_ONLY___                            
2019-05-15 11:05:59,424 INFO     ___FILE_ONLY___ 10.142.0.5
2019-05-15 11:05:59,424 INFO     ___FILE_ONLY___                    
2019-05-15 11:05:59,424 INFO     ___FILE_ONLY___ TERMINATED
2019-05-15 11:05:59,424 INFO     ___FILE_ONLY___ 

2019-05-15 11:05:59,424 INFO     ___FILE_ONLY___ jenkins-practice
2019-05-15 11:05:59,424 INFO     ___FILE_ONLY___             
2019-05-15 11:05:59,424 INFO     ___FILE_ONLY___ us-east1-b
2019-05-15 11:05:59,425 INFO     ___FILE_ONLY___      
2019-05-15 11:05:59,425 INFO     ___FILE_ONLY___ n1-standard-1
2019-05-15 11:05:59,425 INFO     ___FILE_ONLY___                            
2019-05-15 11:05:59,425 INFO     ___FILE_ONLY___ 10.142.0.8
2019-05-15 11:05:59,425 INFO     ___FILE_ONLY___                    
2019-05-15 11:05:59,425 INFO     ___FILE_ONLY___ TERMINATED
2019-05-15 11:05:59,425 INFO     ___FILE_ONLY___ 

2019-05-15 11:05:59,426 DEBUG    root            SDK update checks are disabled.
