2019-05-15 11:09:09,462 DEBUG    root            Loaded Command Group: [u'gcloud', u'container']
2019-05-15 11:09:09,464 DEBUG    root            Loaded Command Group: [u'gcloud', u'container', u'clusters']
2019-05-15 11:09:09,468 DEBUG    root            Loaded Command Group: [u'gcloud', u'container', u'clusters', u'create']
2019-05-15 11:09:09,558 DEBUG    root            Running [gcloud.container.clusters.create] with arguments: [--zone: "asia-south1-c", NAME: "k8s-cluster"]
2019-05-15 11:09:09,574 WARNING  root            Accessing a Kubernetes Engine cluster requires the kubernetes commandline
client [kubectl]. To install, run
  $ gcloud components install kubectl

2019-05-15 11:09:09,576 WARNING  root            Starting in 1.12, new clusters will have basic authentication disabled by default. Basic authentication can be enabled (or disabled) manually using the `--[no-]enable-basic-auth` flag.
2019-05-15 11:09:09,576 WARNING  root            Starting in 1.12, new clusters will not have a client certificate issued. You can manually enable (or disable) the issuance of the client certificate using the `--[no-]issue-client-certificate` flag.
2019-05-15 11:09:09,576 WARNING  root            Currently VPC-native is not the default mode during cluster creation. In the future, this will become the default mode and can be disabled using `--no-enable-ip-alias` flag. Use `--[no-]enable-ip-alias` flag to suppress this warning.
2019-05-15 11:09:09,576 INFO     ___FILE_ONLY___ This will enable the autorepair feature for nodes. Please see
https://cloud.google.com/kubernetes-engine/docs/node-auto-repair for more
information on node autorepairs.


2019-05-15 11:09:09,577 WARNING  root            Starting in Kubernetes v1.10, new clusters will no longer get compute-rw and storage-ro scopes added to what is specified in --scopes (though the latter will remain included in the default --scopes). To use these scopes, add them explicitly to --scopes. To use the new behavior, set container/new_scopes_behavior property (gcloud config set container/new_scopes_behavior true).
2019-05-15 11:09:14,059 INFO     ___FILE_ONLY___ Creating cluster k8s-cluster...
2019-05-15 11:11:54,303 INFO     root            Operation <Operation
 endTime: u'2019-05-15T11:11:52.042751051Z'
 name: u'operation-1557918553904-5b2f8522'
 operationType: OperationTypeValueValuesEnum(CREATE_CLUSTER, 1)
 selfLink: u'https://container.googleapis.com/v1/projects/777392304375/zones/asia-south1-c/operations/operation-1557918553904-5b2f8522'
 startTime: u'2019-05-15T11:09:13.904912525Z'
 status: StatusValueValuesEnum(DONE, 3)
 targetLink: u'https://container.googleapis.com/v1/projects/777392304375/zones/asia-south1-c/clusters/k8s-cluster'
 zone: u'asia-south1-c'> succeeded after 160.244 seconds
2019-05-15 11:11:55,651 INFO     ___FILE_ONLY___ Created [https://container.googleapis.com/v1/projects/monitoring-application-235120/zones/asia-south1-c/clusters/k8s-cluster].

2019-05-15 11:11:55,652 INFO     ___FILE_ONLY___ To inspect the contents of your cluster, go to: https://console.cloud.google.com/kubernetes/workload_/gcloud/asia-south1-c/k8s-cluster?project=monitoring-application-235120

2019-05-15 11:11:55,652 DEBUG    root            unable to load default kubeconfig: unable to load kubeconfig for /home/ksnnarsy/.kube/config: Unable to read file [/home/ksnnarsy/.kube/config]: [Errno 2] No such file or directory: '/home/ksnnarsy/.kube/config'; recreating /home/ksnnarsy/.kube/config
2019-05-15 11:11:55,660 DEBUG    root            Saved kubeconfig to /home/ksnnarsy/.kube/config
2019-05-15 11:11:55,660 INFO     ___FILE_ONLY___ kubeconfig entry generated for k8s-cluster.

2019-05-15 11:11:55,662 INFO     root            Display format: "
    table(
        name,
        zone:label=LOCATION,
        master_version():label=MASTER_VERSION,
        endpoint:label=MASTER_IP,
        nodePools[0].config.machineType,
        currentNodeVersion:label=NODE_VERSION,
        firstof(currentNodeCount,initialNodeCount):label=NUM_NODES,
        status
    )
"
2019-05-15 11:11:55,665 INFO     ___FILE_ONLY___ NAME
2019-05-15 11:11:55,665 INFO     ___FILE_ONLY___          
2019-05-15 11:11:55,665 INFO     ___FILE_ONLY___ LOCATION
2019-05-15 11:11:55,666 INFO     ___FILE_ONLY___        
2019-05-15 11:11:55,666 INFO     ___FILE_ONLY___ MASTER_VERSION
2019-05-15 11:11:55,666 INFO     ___FILE_ONLY___   
2019-05-15 11:11:55,666 INFO     ___FILE_ONLY___ MASTER_IP
2019-05-15 11:11:55,666 INFO     ___FILE_ONLY___        
2019-05-15 11:11:55,666 INFO     ___FILE_ONLY___ MACHINE_TYPE
2019-05-15 11:11:55,666 INFO     ___FILE_ONLY___    
2019-05-15 11:11:55,666 INFO     ___FILE_ONLY___ NODE_VERSION
2019-05-15 11:11:55,666 INFO     ___FILE_ONLY___   
2019-05-15 11:11:55,666 INFO     ___FILE_ONLY___ NUM_NODES
2019-05-15 11:11:55,666 INFO     ___FILE_ONLY___   
2019-05-15 11:11:55,666 INFO     ___FILE_ONLY___ STATUS
2019-05-15 11:11:55,666 INFO     ___FILE_ONLY___ 

2019-05-15 11:11:55,666 INFO     ___FILE_ONLY___ k8s-cluster
2019-05-15 11:11:55,666 INFO     ___FILE_ONLY___   
2019-05-15 11:11:55,667 INFO     ___FILE_ONLY___ asia-south1-c
2019-05-15 11:11:55,667 INFO     ___FILE_ONLY___   
2019-05-15 11:11:55,667 INFO     ___FILE_ONLY___ 1.11.8-gke.6
2019-05-15 11:11:55,667 INFO     ___FILE_ONLY___     
2019-05-15 11:11:55,667 INFO     ___FILE_ONLY___ 35.200.147.210
2019-05-15 11:11:55,667 INFO     ___FILE_ONLY___   
2019-05-15 11:11:55,667 INFO     ___FILE_ONLY___ n1-standard-1
2019-05-15 11:11:55,667 INFO     ___FILE_ONLY___   
2019-05-15 11:11:55,667 INFO     ___FILE_ONLY___ 1.11.8-gke.6
2019-05-15 11:11:55,667 INFO     ___FILE_ONLY___   
2019-05-15 11:11:55,667 INFO     ___FILE_ONLY___ 3
2019-05-15 11:11:55,667 INFO     ___FILE_ONLY___           
2019-05-15 11:11:55,667 INFO     ___FILE_ONLY___ RUNNING
2019-05-15 11:11:55,667 INFO     ___FILE_ONLY___ 

2019-05-15 11:11:55,668 DEBUG    root            SDK update checks are disabled.
